#
# There is insufficient memory for the Java Runtime Environment to continue.
# Native memory allocation (malloc) failed to allocate 1671840 bytes. Error detail: Chunk::new
# Possible reasons:
#   The system is out of physical RAM or swap space
#   This process is running with CompressedOops enabled, and the Java Heap may be blocking the growth of the native heap
# Possible solutions:
#   Reduce memory load on the system
#   Increase physical memory or swap space
#   Check if swap backing store is full
#   Decrease Java heap size (-Xmx/-Xms)
#   Decrease number of Java threads
#   Decrease Java thread stack sizes (-Xss)
#   Set larger code cache with -XX:ReservedCodeCacheSize=
#   JVM is running with Unscaled Compressed Oops mode in which the Java heap is
#     placed in the first 4GB address space. The Java Heap base address is the
#     maximum limit for the native heap growth. Please use -XX:HeapBaseMinAddress
#     to set the Java Heap base and to place the Java Heap above 4GB virtual address.
# This output file may be truncated or incomplete.
#
#  Out of Memory Error (arena.cpp:168), pid=21956, tid=15536
#
# JRE version: OpenJDK Runtime Environment Temurin-21.0.6+7 (21.0.6+7) (build 21.0.6+7-LTS)
# Java VM: OpenJDK 64-Bit Server VM Temurin-21.0.6+7 (21.0.6+7-LTS, mixed mode, sharing, tiered, compressed oops, compressed class ptrs, parallel gc, windows-amd64)
# No core dump will be written. Minidumps are not enabled by default on client versions of Windows
#

---------------  S U M M A R Y ------------

Command Line: --add-modules=ALL-SYSTEM --add-opens=java.base/java.util=ALL-UNNAMED --add-opens=java.base/java.lang=ALL-UNNAMED --add-opens=java.base/sun.nio.fs=ALL-UNNAMED -Declipse.application=org.eclipse.jdt.ls.core.id1 -Dosgi.bundles.defaultStartLevel=4 -Declipse.product=org.eclipse.jdt.ls.core.product -Djava.import.generatesMetadataFilesAtProjectRoot=false -DDetectVMInstallationsJob.disabled=true -Dfile.encoding=utf8 -XX:+UseParallelGC -XX:GCTimeRatio=4 -XX:AdaptiveSizePolicyWeight=90 -Dsun.zip.disableMemoryMapping=true -Xmx1G -Xms100m -Xlog:disable -javaagent:c:\Users\charl\.windsurf\extensions\redhat.java-1.41.1-win32-x64\lombok\lombok-1.18.36.jar -XX:+HeapDumpOnOutOfMemoryError -XX:HeapDumpPath=c:\Users\charl\AppData\Roaming\Windsurf\User\workspaceStorage\972158c65195a4deb805def8d9d87608\redhat.java -Daether.dependencyCollector.impl=bf c:\Users\charl\.windsurf\extensions\redhat.java-1.41.1-win32-x64\server\plugins\org.eclipse.equinox.launcher_1.7.0.v20250331-1702.jar -configuration c:\Users\charl\AppData\Roaming\Windsurf\User\globalStorage\redhat.java\1.41.1\config_win -data c:\Users\charl\AppData\Roaming\Windsurf\User\workspaceStorage\972158c65195a4deb805def8d9d87608\redhat.java\jdt_ws --pipe=\\.\pipe\lsp-fc67fb02ab8091ce43b06fa0566eb821-sock

Host: Intel(R) Core(TM) i5-10210U CPU @ 1.60GHz, 8 cores, 7G,  Windows 11 , 64 bit Build 26100 (10.0.26100.3912)
Time: Sat Jul 12 20:59:34 2025 India Standard Time elapsed time: 56.236555 seconds (0d 0h 0m 56s)

---------------  T H R E A D  ---------------

Current thread (0x0000021bea0ac050):  JavaThread "C2 CompilerThread1" daemon [_thread_in_native, id=15536, stack(0x000000ff3ad00000,0x000000ff3ae00000) (1024K)]


Current CompileTask:
C2:56236 9416   !   4       lombok.core.AST::buildWithField0 (121 bytes)

Stack: [0x000000ff3ad00000,0x000000ff3ae00000]
Native frames: (J=compiled Java code, j=interpreted, Vv=VM code, C=native code)
V  [jvm.dll+0x6cdee9]
V  [jvm.dll+0x8a83d1]
V  [jvm.dll+0x8aa8fe]
V  [jvm.dll+0x8aafe3]
V  [jvm.dll+0x27f706]
V  [jvm.dll+0xc500d]
V  [jvm.dll+0xc5543]
V  [jvm.dll+0x3b678c]
V  [jvm.dll+0x1dfe13]
V  [jvm.dll+0x247b42]
V  [jvm.dll+0x246fcf]
V  [jvm.dll+0x1c75ee]
V  [jvm.dll+0x25685a]
V  [jvm.dll+0x254dfa]
V  [jvm.dll+0x3f0256]
V  [jvm.dll+0x851f8b]
V  [jvm.dll+0x6cc5ed]
C  [ucrtbase.dll+0x37b0]
C  [KERNEL32.DLL+0x2e8d7]
C  [ntdll.dll+0x9c5dc]


---------------  P R O C E S S  ---------------

Threads class SMR info:
_java_thread_list=0x0000021bed5863a0, length=62, elements={
0x0000021b8c2148f0, 0x0000021b8c44d310, 0x0000021ba27b6c80, 0x0000021ba27bc720,
0x0000021ba27bf580, 0x0000021ba27bffd0, 0x0000021ba27c0a20, 0x0000021ba27c3dc0,
0x0000021be525d690, 0x0000021be52c7870, 0x0000021be54fade0, 0x0000021bea1cdd80,
0x0000021be5d011e0, 0x0000021be5252c00, 0x0000021be5b057a0, 0x0000021bea37a700,
0x0000021be5609bd0, 0x0000021bea353ed0, 0x0000021bea354560, 0x0000021bea351770,
0x0000021bea353840, 0x0000021bea352490, 0x0000021bea3531b0, 0x0000021bea352b20,
0x0000021bea351e00, 0x0000021bea6cc1e0, 0x0000021bea6ca7a0, 0x0000021bea6cc870,
0x0000021bea6cae30, 0x0000021bea6cb4c0, 0x0000021bea6cbb50, 0x0000021bea6ccf00,
0x0000021bea6cd590, 0x0000021bea6ca110, 0x0000021bea6cf660, 0x0000021bea6ce2b0,
0x0000021bea6ce940, 0x0000021bea6cefd0, 0x0000021bea6d1730, 0x0000021bea6d0380,
0x0000021bea6d0a10, 0x0000021bec081c10, 0x0000021bec0822a0, 0x0000021bec07ee20,
0x0000021bec081580, 0x0000021bec082930, 0x0000021bec0801d0, 0x0000021bec07f4b0,
0x0000021bec080ef0, 0x0000021bec082fc0, 0x0000021bec07fb40, 0x0000021bec084a00,
0x0000021bec083650, 0x0000021bea0ac050, 0x0000021bea0acdf0, 0x0000021bec086440,
0x0000021bec084370, 0x0000021bec085720, 0x0000021bec083ce0, 0x0000021bec085db0,
0x0000021bea6cfcf0, 0x0000021beca74350
}

Java Threads: ( => current thread )
  0x0000021b8c2148f0 JavaThread "main"                              [_thread_blocked, id=8420, stack(0x000000ff36b00000,0x000000ff36c00000) (1024K)]
  0x0000021b8c44d310 JavaThread "Reference Handler"          daemon [_thread_blocked, id=26884, stack(0x000000ff36f00000,0x000000ff37000000) (1024K)]
  0x0000021ba27b6c80 JavaThread "Finalizer"                  daemon [_thread_blocked, id=3984, stack(0x000000ff37000000,0x000000ff37100000) (1024K)]
  0x0000021ba27bc720 JavaThread "Signal Dispatcher"          daemon [_thread_blocked, id=3536, stack(0x000000ff37100000,0x000000ff37200000) (1024K)]
  0x0000021ba27bf580 JavaThread "Attach Listener"            daemon [_thread_blocked, id=16956, stack(0x000000ff37200000,0x000000ff37300000) (1024K)]
  0x0000021ba27bffd0 JavaThread "Service Thread"             daemon [_thread_blocked, id=24840, stack(0x000000ff37300000,0x000000ff37400000) (1024K)]
  0x0000021ba27c0a20 JavaThread "Monitor Deflation Thread"   daemon [_thread_blocked, id=5180, stack(0x000000ff37400000,0x000000ff37500000) (1024K)]
  0x0000021ba27c3dc0 JavaThread "C2 CompilerThread0"         daemon [_thread_in_native, id=14320, stack(0x000000ff37500000,0x000000ff37600000) (1024K)]
  0x0000021be525d690 JavaThread "C1 CompilerThread0"         daemon [_thread_blocked, id=22580, stack(0x000000ff37600000,0x000000ff37700000) (1024K)]
  0x0000021be52c7870 JavaThread "Common-Cleaner"             daemon [_thread_blocked, id=16996, stack(0x000000ff37700000,0x000000ff37800000) (1024K)]
  0x0000021be54fade0 JavaThread "Notification Thread"        daemon [_thread_blocked, id=27488, stack(0x000000ff37800000,0x000000ff37900000) (1024K)]
  0x0000021bea1cdd80 JavaThread "Active Thread: Equinox Container: cece19b0-d9fb-4196-bf9d-a2a3733c3b0d"        [_thread_blocked, id=14056, stack(0x000000ff38000000,0x000000ff38100000) (1024K)]
  0x0000021be5d011e0 JavaThread "Refresh Thread: Equinox Container: cece19b0-d9fb-4196-bf9d-a2a3733c3b0d" daemon [_thread_blocked, id=8956, stack(0x000000ff37f00000,0x000000ff38000000) (1024K)]
  0x0000021be5252c00 JavaThread "Framework Event Dispatcher: Equinox Container: cece19b0-d9fb-4196-bf9d-a2a3733c3b0d" daemon [_thread_blocked, id=24844, stack(0x000000ff38200000,0x000000ff38300000) (1024K)]
  0x0000021be5b057a0 JavaThread "Start Level: Equinox Container: cece19b0-d9fb-4196-bf9d-a2a3733c3b0d" daemon [_thread_blocked, id=23480, stack(0x000000ff38300000,0x000000ff38400000) (1024K)]
  0x0000021bea37a700 JavaThread "Bundle File Closer"         daemon [_thread_blocked, id=25684, stack(0x000000ff38400000,0x000000ff38500000) (1024K)]
  0x0000021be5609bd0 JavaThread "SCR Component Actor"        daemon [_thread_blocked, id=22728, stack(0x000000ff38500000,0x000000ff38600000) (1024K)]
  0x0000021bea353ed0 JavaThread "Worker-JM"                         [_thread_blocked, id=15848, stack(0x000000ff38700000,0x000000ff38800000) (1024K)]
  0x0000021bea354560 JavaThread "JNA Cleaner"                daemon [_thread_blocked, id=5568, stack(0x000000ff38800000,0x000000ff38900000) (1024K)]
  0x0000021bea351770 JavaThread "Worker-0"                          [_thread_blocked, id=7804, stack(0x000000ff38900000,0x000000ff38a00000) (1024K)]
  0x0000021bea353840 JavaThread "Worker-1: Building"                [_thread_blocked, id=17012, stack(0x000000ff38600000,0x000000ff38700000) (1024K)]
  0x0000021bea352490 JavaThread "Worker-2"                          [_thread_blocked, id=16300, stack(0x000000ff38b00000,0x000000ff38c00000) (1024K)]
  0x0000021bea3531b0 JavaThread "Java indexing"              daemon [_thread_in_Java, id=22464, stack(0x000000ff38c00000,0x000000ff38d00000) (1024K)]
  0x0000021bea352b20 JavaThread "Worker-3"                          [_thread_blocked, id=26312, stack(0x000000ff38e00000,0x000000ff38f00000) (1024K)]
  0x0000021bea351e00 JavaThread "Worker-4: Java indexing... "        [_thread_blocked, id=8124, stack(0x000000ff38f00000,0x000000ff39000000) (1024K)]
  0x0000021bea6cc1e0 JavaThread "Thread-3"                   daemon [_thread_in_native, id=21168, stack(0x000000ff39000000,0x000000ff39100000) (1024K)]
  0x0000021bea6ca7a0 JavaThread "Thread-4"                   daemon [_thread_in_native, id=24468, stack(0x000000ff39100000,0x000000ff39200000) (1024K)]
  0x0000021bea6cc870 JavaThread "Thread-5"                   daemon [_thread_in_native, id=12972, stack(0x000000ff39200000,0x000000ff39300000) (1024K)]
  0x0000021bea6cae30 JavaThread "Thread-6"                   daemon [_thread_in_native, id=14536, stack(0x000000ff39300000,0x000000ff39400000) (1024K)]
  0x0000021bea6cb4c0 JavaThread "Thread-7"                   daemon [_thread_in_native, id=6204, stack(0x000000ff39400000,0x000000ff39500000) (1024K)]
  0x0000021bea6cbb50 JavaThread "Thread-8"                   daemon [_thread_in_native, id=6016, stack(0x000000ff39500000,0x000000ff39600000) (1024K)]
  0x0000021bea6ccf00 JavaThread "Thread-9"                   daemon [_thread_in_native, id=25256, stack(0x000000ff39600000,0x000000ff39700000) (1024K)]
  0x0000021bea6cd590 JavaThread "Thread-10"                  daemon [_thread_in_native, id=2560, stack(0x000000ff39700000,0x000000ff39800000) (1024K)]
  0x0000021bea6ca110 JavaThread "Thread-11"                  daemon [_thread_in_native, id=14396, stack(0x000000ff39800000,0x000000ff39900000) (1024K)]
  0x0000021bea6cf660 JavaThread "pool-2-thread-1"                   [_thread_blocked, id=3840, stack(0x000000ff39900000,0x000000ff39a00000) (1024K)]
  0x0000021bea6ce2b0 JavaThread "WorkspaceEventsHandler"            [_thread_blocked, id=27160, stack(0x000000ff39a00000,0x000000ff39b00000) (1024K)]
  0x0000021bea6ce940 JavaThread "pool-1-thread-1"                   [_thread_blocked, id=14368, stack(0x000000ff39b00000,0x000000ff39c00000) (1024K)]
  0x0000021bea6cefd0 JavaThread "Worker-5"                          [_thread_blocked, id=15808, stack(0x000000ff39c00000,0x000000ff39d00000) (1024K)]
  0x0000021bea6d1730 JavaThread "Worker-6"                          [_thread_blocked, id=17976, stack(0x000000ff39e00000,0x000000ff39f00000) (1024K)]
  0x0000021bea6d0380 JavaThread "LocalFile Deleter"          daemon [_thread_blocked, id=15128, stack(0x000000ff39d00000,0x000000ff39e00000) (1024K)]
  0x0000021bea6d0a10 JavaThread "LocalFile Deleter"          daemon [_thread_blocked, id=6836, stack(0x000000ff3a000000,0x000000ff3a100000) (1024K)]
  0x0000021bec081c10 JavaThread "LocalFile Deleter"          daemon [_thread_blocked, id=23080, stack(0x000000ff3a100000,0x000000ff3a200000) (1024K)]
  0x0000021bec0822a0 JavaThread "LocalFile Deleter"          daemon [_thread_blocked, id=5256, stack(0x000000ff3a200000,0x000000ff3a300000) (1024K)]
  0x0000021bec07ee20 JavaThread "LocalFile Deleter"          daemon [_thread_blocked, id=9092, stack(0x000000ff3a300000,0x000000ff3a400000) (1024K)]
  0x0000021bec081580 JavaThread "LocalFile Deleter"          daemon [_thread_blocked, id=15568, stack(0x000000ff3a400000,0x000000ff3a500000) (1024K)]
  0x0000021bec082930 JavaThread "LocalFile Deleter"          daemon [_thread_blocked, id=26628, stack(0x000000ff3a500000,0x000000ff3a600000) (1024K)]
  0x0000021bec0801d0 JavaThread "LocalFile Deleter"          daemon [_thread_blocked, id=4960, stack(0x000000ff3a600000,0x000000ff3a700000) (1024K)]
  0x0000021bec07f4b0 JavaThread "Compiler Source File Reader" daemon [_thread_blocked, id=27008, stack(0x000000ff3a700000,0x000000ff3a800000) (1024K)]
  0x0000021bec080ef0 JavaThread "Compiler Source File Reader" daemon [_thread_blocked, id=15436, stack(0x000000ff3a800000,0x000000ff3a900000) (1024K)]
  0x0000021bec082fc0 JavaThread "Compiler Source File Reader" daemon [_thread_blocked, id=7968, stack(0x000000ff3a900000,0x000000ff3aa00000) (1024K)]
  0x0000021bec07fb40 JavaThread "Compiler Source File Reader" daemon [_thread_blocked, id=17512, stack(0x000000ff3aa00000,0x000000ff3ab00000) (1024K)]
  0x0000021bec084a00 JavaThread "Compiler Source File Reader" daemon [_thread_blocked, id=26528, stack(0x000000ff3ab00000,0x000000ff3ac00000) (1024K)]
  0x0000021bec083650 JavaThread "Compiler Source File Reader" daemon [_thread_blocked, id=21120, stack(0x000000ff3ac00000,0x000000ff3ad00000) (1024K)]
=>0x0000021bea0ac050 JavaThread "C2 CompilerThread1"         daemon [_thread_in_native, id=15536, stack(0x000000ff3ad00000,0x000000ff3ae00000) (1024K)]
  0x0000021bea0acdf0 JavaThread "C2 CompilerThread2"         daemon [_thread_in_native, id=4568, stack(0x000000ff36900000,0x000000ff36a00000) (1024K)]
  0x0000021bec086440 JavaThread "Compiler Processing Task"   daemon [_thread_in_Java, id=8048, stack(0x000000ff3ae00000,0x000000ff3af00000) (1024K)]
  0x0000021bec084370 JavaThread "Compiler Class File Writer" daemon [_thread_blocked, id=23216, stack(0x000000ff3af00000,0x000000ff3b000000) (1024K)]
  0x0000021bec085720 JavaThread "Compiler Class File Writer" daemon [_thread_blocked, id=25292, stack(0x000000ff3b000000,0x000000ff3b100000) (1024K)]
  0x0000021bec083ce0 JavaThread "Compiler Class File Writer" daemon [_thread_blocked, id=6280, stack(0x000000ff3b100000,0x000000ff3b200000) (1024K)]
  0x0000021bec085db0 JavaThread "Compiler Class File Writer" daemon [_thread_blocked, id=2028, stack(0x000000ff3b200000,0x000000ff3b300000) (1024K)]
  0x0000021bea6cfcf0 JavaThread "Compiler Class File Writer" daemon [_thread_blocked, id=21216, stack(0x000000ff3b300000,0x000000ff3b400000) (1024K)]
  0x0000021beca74350 JavaThread "Compiler Class File Writer" daemon [_thread_blocked, id=19216, stack(0x000000ff3b400000,0x000000ff3b500000) (1024K)]
Total: 62

Other Threads:
  0x0000021ba27b3060 VMThread "VM Thread"                           [id=22704, stack(0x000000ff36e00000,0x000000ff36f00000) (1024K)]
  0x0000021ba26cca00 WatcherThread "VM Periodic Task Thread"        [id=23636, stack(0x000000ff36d00000,0x000000ff36e00000) (1024K)]
  0x0000021b8c3b5d70 WorkerThread "GC Thread#0"                     [id=552, stack(0x000000ff36c00000,0x000000ff36d00000) (1024K)]
  0x0000021be5cdc220 WorkerThread "GC Thread#1"                     [id=25556, stack(0x000000ff37900000,0x000000ff37a00000) (1024K)]
  0x0000021be5cdcdd0 WorkerThread "GC Thread#2"                     [id=18400, stack(0x000000ff37a00000,0x000000ff37b00000) (1024K)]
  0x0000021be5cd9360 WorkerThread "GC Thread#3"                     [id=24000, stack(0x000000ff37b00000,0x000000ff37c00000) (1024K)]
  0x0000021be5cd9700 WorkerThread "GC Thread#4"                     [id=3004, stack(0x000000ff37c00000,0x000000ff37d00000) (1024K)]
  0x0000021be5cd9aa0 WorkerThread "GC Thread#5"                     [id=15792, stack(0x000000ff37d00000,0x000000ff37e00000) (1024K)]
  0x0000021be5cd9e40 WorkerThread "GC Thread#6"                     [id=24288, stack(0x000000ff37e00000,0x000000ff37f00000) (1024K)]
  0x0000021be52ba560 WorkerThread "GC Thread#7"                     [id=24764, stack(0x000000ff38100000,0x000000ff38200000) (1024K)]
Total: 10

Threads with active compile tasks:
C2 CompilerThread0  56288 9417       4       lombok.eclipse.EclipseAST::buildStatement (57 bytes)
C2 CompilerThread1  56288 9416   !   4       lombok.core.AST::buildWithField0 (121 bytes)
C2 CompilerThread2  56288 9415       4       lombok.core.AST::buildWithField (21 bytes)
Total: 3

VM state: not at safepoint (normal execution)

VM Mutex/Monitor currently owned by a thread: None

Heap address: 0x00000000c0000000, size: 1024 MB, Compressed Oops mode: 32-bit

CDS archive(s) mapped at: [0x0000021ba3000000-0x0000021ba3ba0000-0x0000021ba3ba0000), size 12189696, SharedBaseAddress: 0x0000021ba3000000, ArchiveRelocationMode: 1.
Compressed class space mapped at: 0x0000021ba4000000-0x0000021be4000000, reserved size: 1073741824
Narrow klass base: 0x0000021ba3000000, Narrow klass shift: 0, Narrow klass range: 0x100000000

GC Precious Log:
 CardTable entry size: 512
 CPUs: 8 total, 8 available
 Memory: 8023M
 Large Page Support: Disabled
 NUMA Support: Disabled
 Compressed Oops: Enabled (32-bit)
 Alignments: Space 512K, Generation 512K, Heap 2M
 Heap Min Capacity: 100M
 Heap Initial Capacity: 100M
 Heap Max Capacity: 1G
 Pre-touch: Disabled
 Parallel Workers: 8

Heap:
 PSYoungGen      total 19968K, used 14496K [0x00000000eab00000, 0x00000000ec100000, 0x0000000100000000)
  eden space 17408K, 69% used [0x00000000eab00000,0x00000000eb6e2768,0x00000000ebc00000)
  from space 2560K, 90% used [0x00000000ebe80000,0x00000000ec0c5950,0x00000000ec100000)
  to   space 2560K, 0% used [0x00000000ebc00000,0x00000000ebc00000,0x00000000ebe80000)
 ParOldGen       total 68608K, used 45102K [0x00000000c0000000, 0x00000000c4300000, 0x00000000eab00000)
  object space 68608K, 65% used [0x00000000c0000000,0x00000000c2c0b810,0x00000000c4300000)
 Metaspace       used 62691K, committed 64000K, reserved 1114112K
  class space    used 6575K, committed 7168K, reserved 1048576K

Card table byte_map: [0x0000021ba0060000,0x0000021ba0270000] _byte_map_base: 0x0000021b9fa60000

Marking Bits: (ParMarkBitMap*) 0x00007ffe01833260
 Begin Bits: [0x0000021ba03d0000, 0x0000021ba13d0000)
 End Bits:   [0x0000021ba13d0000, 0x0000021ba23d0000)

Polling page: 0x0000021b8c460000

Metaspace:

Usage:
  Non-class:     54.80 MB used.
      Class:      6.42 MB used.
       Both:     61.22 MB used.

Virtual space:
  Non-class space:       64.00 MB reserved,      55.50 MB ( 87%) committed,  1 nodes.
      Class space:        1.00 GB reserved,       7.00 MB ( <1%) committed,  1 nodes.
             Both:        1.06 GB reserved,      62.50 MB (  6%) committed. 

Chunk freelists:
   Non-Class:  8.23 MB
       Class:  9.01 MB
        Both:  17.24 MB

MaxMetaspaceSize: unlimited
CompressedClassSpaceSize: 1.00 GB
Initial GC threshold: 21.00 MB
Current GC threshold: 97.31 MB
CDS: on
 - commit_granule_bytes: 65536.
 - commit_granule_words: 8192.
 - virtual_space_node_default_size: 8388608.
 - enlarge_chunks_in_place: 1.
 - use_allocation_guard: 0.


Internal statistics:

num_allocs_failed_limit: 9.
num_arena_births: 1134.
num_arena_deaths: 14.
num_vsnodes_births: 2.
num_vsnodes_deaths: 0.
num_space_committed: 1000.
num_space_uncommitted: 0.
num_chunks_returned_to_freelist: 23.
num_chunks_taken_from_freelist: 3884.
num_chunk_merges: 12.
num_chunk_splits: 2387.
num_chunks_enlarged: 1309.
num_inconsistent_stats: 0.

CodeHeap 'non-profiled nmethods': size=120000Kb used=5654Kb max_used=5654Kb free=114345Kb
 bounds [0x0000021b98940000, 0x0000021b98ed0000, 0x0000021b9fe70000]
CodeHeap 'profiled nmethods': size=120000Kb used=19375Kb max_used=19375Kb free=100624Kb
 bounds [0x0000021b90e70000, 0x0000021b92160000, 0x0000021b983a0000]
CodeHeap 'non-nmethods': size=5760Kb used=1451Kb max_used=1557Kb free=4308Kb
 bounds [0x0000021b983a0000, 0x0000021b98610000, 0x0000021b98940000]
 total_blobs=9354 nmethods=8588 adapters=672
 compilation: enabled
              stopped_count=0, restarted_count=0
 full_count=0

Compilation events (20 events):
Event: 55.977 Thread 0x0000021be525d690 9441       3       org.eclipse.jdt.internal.compiler.ast.TypeReference::internalResolveType (390 bytes)
Event: 55.980 Thread 0x0000021be525d690 nmethod 9441 0x0000021b9214dd10 code [0x0000021b9214e200, 0x0000021b921509f0]
Event: 55.980 Thread 0x0000021be525d690 9442   !   3       org.eclipse.jdt.internal.compiler.lookup.LookupEnvironment::askForType (492 bytes)
Event: 55.984 Thread 0x0000021be525d690 nmethod 9442 0x0000021b92151410 code [0x0000021b92151880, 0x0000021b921540b8]
Event: 55.984 Thread 0x0000021be525d690 9445       3       org.eclipse.jdt.internal.compiler.ast.Annotation::isTypeUseCompatible (201 bytes)
Event: 55.986 Thread 0x0000021be525d690 nmethod 9445 0x0000021b92154e10 code [0x0000021b92155100, 0x0000021b921565e0]
Event: 55.986 Thread 0x0000021be525d690 9443       3       org.eclipse.jdt.internal.compiler.lookup.Scope::getBaseType (442 bytes)
Event: 55.987 Thread 0x0000021be525d690 nmethod 9443 0x0000021b92156c10 code [0x0000021b92156ea0, 0x0000021b92157ed8]
Event: 55.987 Thread 0x0000021be525d690 9444       3       org.eclipse.jdt.internal.compiler.lookup.SplitPackageBinding::getDeclaringModules (25 bytes)
Event: 55.987 Thread 0x0000021be525d690 nmethod 9444 0x0000021b92158290 code [0x0000021b92158460, 0x0000021b92158888]
Event: 56.048 Thread 0x0000021be525d690 9446       3       org.eclipse.jdt.internal.compiler.lookup.Scope::getType (22 bytes)
Event: 56.049 Thread 0x0000021be525d690 nmethod 9446 0x0000021b92158990 code [0x0000021b92158b60, 0x0000021b92158e40]
Event: 56.051 Thread 0x0000021be525d690 9447       3       org.eclipse.jdt.internal.compiler.lookup.PackageBinding::hasCompilationUnit (101 bytes)
Event: 56.052 Thread 0x0000021be525d690 nmethod 9447 0x0000021b92158f10 code [0x0000021b92159120, 0x0000021b921597d0]
Event: 56.052 Thread 0x0000021be525d690 9448       1       org.eclipse.jdt.internal.compiler.lookup.ElementValuePair::getName (5 bytes)
Event: 56.052 Thread 0x0000021be525d690 nmethod 9448 0x0000021b98ec5510 code [0x0000021b98ec56a0, 0x0000021b98ec5768]
Event: 56.052 Thread 0x0000021be525d690 9449       1       org.eclipse.jdt.internal.compiler.lookup.ElementValuePair::setMethodBinding (6 bytes)
Event: 56.052 Thread 0x0000021be525d690 nmethod 9449 0x0000021b98ec5810 code [0x0000021b98ec59a0, 0x0000021b98ec5a80]
Event: 56.087 Thread 0x0000021be525d690 9452       3       org.eclipse.jdt.internal.compiler.ast.CompilationUnitDeclaration::recordSuppressWarnings (246 bytes)
Event: 56.089 Thread 0x0000021be525d690 nmethod 9452 0x0000021b92159a10 code [0x0000021b92159c80, 0x0000021b9215aae0]

GC Heap History (20 events):
Event: 48.394 GC heap before
{Heap before GC invocations=28 (full 2):
 PSYoungGen      total 22528K, used 22141K [0x00000000eab00000, 0x00000000ec300000, 0x0000000100000000)
  eden space 20480K, 99% used [0x00000000eab00000,0x00000000ebedb018,0x00000000ebf00000)
  from space 2048K, 88% used [0x00000000ebf00000,0x00000000ec0c4780,0x00000000ec100000)
  to   space 2048K, 0% used [0x00000000ec100000,0x00000000ec100000,0x00000000ec300000)
 ParOldGen       total 68608K, used 39474K [0x00000000c0000000, 0x00000000c4300000, 0x00000000eab00000)
  object space 68608K, 57% used [0x00000000c0000000,0x00000000c268c918,0x00000000c4300000)
 Metaspace       used 54120K, committed 55360K, reserved 1114112K
  class space    used 5758K, committed 6336K, reserved 1048576K
}
Event: 48.398 GC heap after
{Heap after GC invocations=28 (full 2):
 PSYoungGen      total 20480K, used 2029K [0x00000000eab00000, 0x00000000ec700000, 0x0000000100000000)
  eden space 18432K, 0% used [0x00000000eab00000,0x00000000eab00000,0x00000000ebd00000)
  from space 2048K, 99% used [0x00000000ec100000,0x00000000ec2fb530,0x00000000ec300000)
  to   space 4096K, 0% used [0x00000000ebd00000,0x00000000ebd00000,0x00000000ec100000)
 ParOldGen       total 68608K, used 41180K [0x00000000c0000000, 0x00000000c4300000, 0x00000000eab00000)
  object space 68608K, 60% used [0x00000000c0000000,0x00000000c2837098,0x00000000c4300000)
 Metaspace       used 54120K, committed 55360K, reserved 1114112K
  class space    used 5758K, committed 6336K, reserved 1048576K
}
Event: 49.201 GC heap before
{Heap before GC invocations=29 (full 2):
 PSYoungGen      total 20480K, used 20451K [0x00000000eab00000, 0x00000000ec700000, 0x0000000100000000)
  eden space 18432K, 99% used [0x00000000eab00000,0x00000000ebcfd718,0x00000000ebd00000)
  from space 2048K, 99% used [0x00000000ec100000,0x00000000ec2fb530,0x00000000ec300000)
  to   space 4096K, 0% used [0x00000000ebd00000,0x00000000ebd00000,0x00000000ec100000)
 ParOldGen       total 68608K, used 41180K [0x00000000c0000000, 0x00000000c4300000, 0x00000000eab00000)
  object space 68608K, 60% used [0x00000000c0000000,0x00000000c2837098,0x00000000c4300000)
 Metaspace       used 56192K, committed 57408K, reserved 1114112K
  class space    used 5988K, committed 6592K, reserved 1048576K
}
Event: 49.205 GC heap after
{Heap after GC invocations=29 (full 2):
 PSYoungGen      total 20480K, used 1849K [0x00000000eab00000, 0x00000000ec200000, 0x0000000100000000)
  eden space 18432K, 0% used [0x00000000eab00000,0x00000000eab00000,0x00000000ebd00000)
  from space 2048K, 90% used [0x00000000ebd00000,0x00000000ebece780,0x00000000ebf00000)
  to   space 2560K, 0% used [0x00000000ebf80000,0x00000000ebf80000,0x00000000ec200000)
 ParOldGen       total 68608K, used 43091K [0x00000000c0000000, 0x00000000c4300000, 0x00000000eab00000)
  object space 68608K, 62% used [0x00000000c0000000,0x00000000c2a14ff0,0x00000000c4300000)
 Metaspace       used 56192K, committed 57408K, reserved 1114112K
  class space    used 5988K, committed 6592K, reserved 1048576K
}
Event: 50.494 GC heap before
{Heap before GC invocations=30 (full 2):
 PSYoungGen      total 20480K, used 20281K [0x00000000eab00000, 0x00000000ec200000, 0x0000000100000000)
  eden space 18432K, 100% used [0x00000000eab00000,0x00000000ebd00000,0x00000000ebd00000)
  from space 2048K, 90% used [0x00000000ebd00000,0x00000000ebece780,0x00000000ebf00000)
  to   space 2560K, 0% used [0x00000000ebf80000,0x00000000ebf80000,0x00000000ec200000)
 ParOldGen       total 68608K, used 43091K [0x00000000c0000000, 0x00000000c4300000, 0x00000000eab00000)
  object space 68608K, 62% used [0x00000000c0000000,0x00000000c2a14ff0,0x00000000c4300000)
 Metaspace       used 56234K, committed 57472K, reserved 1114112K
  class space    used 5988K, committed 6592K, reserved 1048576K
}
Event: 50.496 GC heap after
{Heap after GC invocations=30 (full 2):
 PSYoungGen      total 19968K, used 1281K [0x00000000eab00000, 0x00000000ec100000, 0x0000000100000000)
  eden space 18432K, 0% used [0x00000000eab00000,0x00000000eab00000,0x00000000ebd00000)
  from space 1536K, 83% used [0x00000000ebf80000,0x00000000ec0c0668,0x00000000ec100000)
  to   space 2048K, 0% used [0x00000000ebd00000,0x00000000ebd00000,0x00000000ebf00000)
 ParOldGen       total 68608K, used 44813K [0x00000000c0000000, 0x00000000c4300000, 0x00000000eab00000)
  object space 68608K, 65% used [0x00000000c0000000,0x00000000c2bc34d0,0x00000000c4300000)
 Metaspace       used 56234K, committed 57472K, reserved 1114112K
  class space    used 5988K, committed 6592K, reserved 1048576K
}
Event: 50.753 GC heap before
{Heap before GC invocations=31 (full 2):
 PSYoungGen      total 19968K, used 19713K [0x00000000eab00000, 0x00000000ec100000, 0x0000000100000000)
  eden space 18432K, 100% used [0x00000000eab00000,0x00000000ebd00000,0x00000000ebd00000)
  from space 1536K, 83% used [0x00000000ebf80000,0x00000000ec0c0668,0x00000000ec100000)
  to   space 2048K, 0% used [0x00000000ebd00000,0x00000000ebd00000,0x00000000ebf00000)
 ParOldGen       total 68608K, used 44813K [0x00000000c0000000, 0x00000000c4300000, 0x00000000eab00000)
  object space 68608K, 65% used [0x00000000c0000000,0x00000000c2bc34d0,0x00000000c4300000)
 Metaspace       used 56518K, committed 57728K, reserved 1114112K
  class space    used 6004K, committed 6592K, reserved 1048576K
}
Event: 50.755 GC heap after
{Heap after GC invocations=31 (full 2):
 PSYoungGen      total 20480K, used 288K [0x00000000eab00000, 0x00000000ec000000, 0x0000000100000000)
  eden space 18432K, 0% used [0x00000000eab00000,0x00000000eab00000,0x00000000ebd00000)
  from space 2048K, 14% used [0x00000000ebd00000,0x00000000ebd48000,0x00000000ebf00000)
  to   space 1024K, 0% used [0x00000000ebf00000,0x00000000ebf00000,0x00000000ec000000)
 ParOldGen       total 68608K, used 44868K [0x00000000c0000000, 0x00000000c4300000, 0x00000000eab00000)
  object space 68608K, 65% used [0x00000000c0000000,0x00000000c2bd1290,0x00000000c4300000)
 Metaspace       used 56518K, committed 57728K, reserved 1114112K
  class space    used 6004K, committed 6592K, reserved 1048576K
}
Event: 51.543 GC heap before
{Heap before GC invocations=32 (full 2):
 PSYoungGen      total 20480K, used 18720K [0x00000000eab00000, 0x00000000ec000000, 0x0000000100000000)
  eden space 18432K, 100% used [0x00000000eab00000,0x00000000ebd00000,0x00000000ebd00000)
  from space 2048K, 14% used [0x00000000ebd00000,0x00000000ebd48000,0x00000000ebf00000)
  to   space 1024K, 0% used [0x00000000ebf00000,0x00000000ebf00000,0x00000000ec000000)
 ParOldGen       total 68608K, used 44868K [0x00000000c0000000, 0x00000000c4300000, 0x00000000eab00000)
  object space 68608K, 65% used [0x00000000c0000000,0x00000000c2bd1290,0x00000000c4300000)
 Metaspace       used 57768K, committed 58944K, reserved 1114112K
  class space    used 6160K, committed 6720K, reserved 1048576K
}
Event: 51.544 GC heap after
{Heap after GC invocations=32 (full 2):
 PSYoungGen      total 19456K, used 776K [0x00000000eab00000, 0x00000000ec000000, 0x0000000100000000)
  eden space 18432K, 0% used [0x00000000eab00000,0x00000000eab00000,0x00000000ebd00000)
  from space 1024K, 75% used [0x00000000ebf00000,0x00000000ebfc2330,0x00000000ec000000)
  to   space 1024K, 0% used [0x00000000ebe00000,0x00000000ebe00000,0x00000000ebf00000)
 ParOldGen       total 68608K, used 45007K [0x00000000c0000000, 0x00000000c4300000, 0x00000000eab00000)
  object space 68608K, 65% used [0x00000000c0000000,0x00000000c2bf3e50,0x00000000c4300000)
 Metaspace       used 57768K, committed 58944K, reserved 1114112K
  class space    used 6160K, committed 6720K, reserved 1048576K
}
Event: 52.180 GC heap before
{Heap before GC invocations=33 (full 2):
 PSYoungGen      total 19456K, used 16237K [0x00000000eab00000, 0x00000000ec000000, 0x0000000100000000)
  eden space 18432K, 83% used [0x00000000eab00000,0x00000000eba19390,0x00000000ebd00000)
  from space 1024K, 75% used [0x00000000ebf00000,0x00000000ebfc2330,0x00000000ec000000)
  to   space 1024K, 0% used [0x00000000ebe00000,0x00000000ebe00000,0x00000000ebf00000)
 ParOldGen       total 68608K, used 45007K [0x00000000c0000000, 0x00000000c4300000, 0x00000000eab00000)
  object space 68608K, 65% used [0x00000000c0000000,0x00000000c2bf3e50,0x00000000c4300000)
 Metaspace       used 58519K, committed 59776K, reserved 1114112K
  class space    used 6224K, committed 6848K, reserved 1048576K
}
Event: 52.181 GC heap after
{Heap after GC invocations=33 (full 2):
 PSYoungGen      total 19456K, used 1010K [0x00000000eab00000, 0x00000000ec000000, 0x0000000100000000)
  eden space 18432K, 0% used [0x00000000eab00000,0x00000000eab00000,0x00000000ebd00000)
  from space 1024K, 98% used [0x00000000ebe00000,0x00000000ebefca30,0x00000000ebf00000)
  to   space 1024K, 0% used [0x00000000ebf00000,0x00000000ebf00000,0x00000000ec000000)
 ParOldGen       total 68608K, used 45480K [0x00000000c0000000, 0x00000000c4300000, 0x00000000eab00000)
  object space 68608K, 66% used [0x00000000c0000000,0x00000000c2c6a2f0,0x00000000c4300000)
 Metaspace       used 58519K, committed 59776K, reserved 1114112K
  class space    used 6224K, committed 6848K, reserved 1048576K
}
Event: 52.181 GC heap before
{Heap before GC invocations=34 (full 3):
 PSYoungGen      total 19456K, used 1010K [0x00000000eab00000, 0x00000000ec000000, 0x0000000100000000)
  eden space 18432K, 0% used [0x00000000eab00000,0x00000000eab00000,0x00000000ebd00000)
  from space 1024K, 98% used [0x00000000ebe00000,0x00000000ebefca30,0x00000000ebf00000)
  to   space 1024K, 0% used [0x00000000ebf00000,0x00000000ebf00000,0x00000000ec000000)
 ParOldGen       total 68608K, used 45480K [0x00000000c0000000, 0x00000000c4300000, 0x00000000eab00000)
  object space 68608K, 66% used [0x00000000c0000000,0x00000000c2c6a2f0,0x00000000c4300000)
 Metaspace       used 58519K, committed 59776K, reserved 1114112K
  class space    used 6224K, committed 6848K, reserved 1048576K
}
Event: 52.304 GC heap after
{Heap after GC invocations=34 (full 3):
 PSYoungGen      total 19456K, used 0K [0x00000000eab00000, 0x00000000ec000000, 0x0000000100000000)
  eden space 18432K, 0% used [0x00000000eab00000,0x00000000eab00000,0x00000000ebd00000)
  from space 1024K, 0% used [0x00000000ebe00000,0x00000000ebe00000,0x00000000ebf00000)
  to   space 1024K, 0% used [0x00000000ebf00000,0x00000000ebf00000,0x00000000ec000000)
 ParOldGen       total 68608K, used 40790K [0x00000000c0000000, 0x00000000c4300000, 0x00000000eab00000)
  object space 68608K, 59% used [0x00000000c0000000,0x00000000c27d5b18,0x00000000c4300000)
 Metaspace       used 58519K, committed 59776K, reserved 1114112K
  class space    used 6224K, committed 6848K, reserved 1048576K
}
Event: 53.231 GC heap before
{Heap before GC invocations=35 (full 3):
 PSYoungGen      total 19456K, used 18432K [0x00000000eab00000, 0x00000000ec000000, 0x0000000100000000)
  eden space 18432K, 100% used [0x00000000eab00000,0x00000000ebd00000,0x00000000ebd00000)
  from space 1024K, 0% used [0x00000000ebe00000,0x00000000ebe00000,0x00000000ebf00000)
  to   space 1024K, 0% used [0x00000000ebf00000,0x00000000ebf00000,0x00000000ec000000)
 ParOldGen       total 68608K, used 40790K [0x00000000c0000000, 0x00000000c4300000, 0x00000000eab00000)
  object space 68608K, 59% used [0x00000000c0000000,0x00000000c27d5b18,0x00000000c4300000)
 Metaspace       used 60063K, committed 61312K, reserved 1114112K
  class space    used 6325K, committed 6912K, reserved 1048576K
}
Event: 53.233 GC heap after
{Heap after GC invocations=35 (full 3):
 PSYoungGen      total 18432K, used 1023K [0x00000000eab00000, 0x00000000ec300000, 0x0000000100000000)
  eden space 17408K, 0% used [0x00000000eab00000,0x00000000eab00000,0x00000000ebc00000)
  from space 1024K, 99% used [0x00000000ebf00000,0x00000000ebfffc00,0x00000000ec000000)
  to   space 3072K, 0% used [0x00000000ebc00000,0x00000000ebc00000,0x00000000ebf00000)
 ParOldGen       total 68608K, used 42426K [0x00000000c0000000, 0x00000000c4300000, 0x00000000eab00000)
  object space 68608K, 61% used [0x00000000c0000000,0x00000000c296eba0,0x00000000c4300000)
 Metaspace       used 60063K, committed 61312K, reserved 1114112K
  class space    used 6325K, committed 6912K, reserved 1048576K
}
Event: 53.774 GC heap before
{Heap before GC invocations=36 (full 3):
 PSYoungGen      total 18432K, used 18431K [0x00000000eab00000, 0x00000000ec300000, 0x0000000100000000)
  eden space 17408K, 100% used [0x00000000eab00000,0x00000000ebc00000,0x00000000ebc00000)
  from space 1024K, 99% used [0x00000000ebf00000,0x00000000ebfffc00,0x00000000ec000000)
  to   space 3072K, 0% used [0x00000000ebc00000,0x00000000ebc00000,0x00000000ebf00000)
 ParOldGen       total 68608K, used 42426K [0x00000000c0000000, 0x00000000c4300000, 0x00000000eab00000)
  object space 68608K, 61% used [0x00000000c0000000,0x00000000c296eba0,0x00000000c4300000)
 Metaspace       used 60440K, committed 61696K, reserved 1114112K
  class space    used 6363K, committed 6976K, reserved 1048576K
}
Event: 53.777 GC heap after
{Heap after GC invocations=36 (full 3):
 PSYoungGen      total 19456K, used 1917K [0x00000000eab00000, 0x00000000ec100000, 0x0000000100000000)
  eden space 17408K, 0% used [0x00000000eab00000,0x00000000eab00000,0x00000000ebc00000)
  from space 2048K, 93% used [0x00000000ebc00000,0x00000000ebddf668,0x00000000ebe00000)
  to   space 2560K, 0% used [0x00000000ebe80000,0x00000000ebe80000,0x00000000ec100000)
 ParOldGen       total 68608K, used 43393K [0x00000000c0000000, 0x00000000c4300000, 0x00000000eab00000)
  object space 68608K, 63% used [0x00000000c0000000,0x00000000c2a60408,0x00000000c4300000)
 Metaspace       used 60440K, committed 61696K, reserved 1114112K
  class space    used 6363K, committed 6976K, reserved 1048576K
}
Event: 54.722 GC heap before
{Heap before GC invocations=37 (full 3):
 PSYoungGen      total 19456K, used 19325K [0x00000000eab00000, 0x00000000ec100000, 0x0000000100000000)
  eden space 17408K, 100% used [0x00000000eab00000,0x00000000ebc00000,0x00000000ebc00000)
  from space 2048K, 93% used [0x00000000ebc00000,0x00000000ebddf668,0x00000000ebe00000)
  to   space 2560K, 0% used [0x00000000ebe80000,0x00000000ebe80000,0x00000000ec100000)
 ParOldGen       total 68608K, used 43393K [0x00000000c0000000, 0x00000000c4300000, 0x00000000eab00000)
  object space 68608K, 63% used [0x00000000c0000000,0x00000000c2a60408,0x00000000c4300000)
 Metaspace       used 61991K, committed 63296K, reserved 1114112K
  class space    used 6541K, committed 7168K, reserved 1048576K
}
Event: 54.728 GC heap after
{Heap after GC invocations=37 (full 3):
 PSYoungGen      total 19968K, used 2326K [0x00000000eab00000, 0x00000000ec100000, 0x0000000100000000)
  eden space 17408K, 0% used [0x00000000eab00000,0x00000000eab00000,0x00000000ebc00000)
  from space 2560K, 90% used [0x00000000ebe80000,0x00000000ec0c5950,0x00000000ec100000)
  to   space 2560K, 0% used [0x00000000ebc00000,0x00000000ebc00000,0x00000000ebe80000)
 ParOldGen       total 68608K, used 45102K [0x00000000c0000000, 0x00000000c4300000, 0x00000000eab00000)
  object space 68608K, 65% used [0x00000000c0000000,0x00000000c2c0b810,0x00000000c4300000)
 Metaspace       used 61991K, committed 63296K, reserved 1114112K
  class space    used 6541K, committed 7168K, reserved 1048576K
}

Dll operation events (12 events):
Event: 0.081 Loaded shared library c:\Users\charl\.windsurf\extensions\redhat.java-1.41.1-win32-x64\jre\21.0.6-win32-x86_64\bin\java.dll
Event: 0.322 Loaded shared library c:\Users\charl\.windsurf\extensions\redhat.java-1.41.1-win32-x64\jre\21.0.6-win32-x86_64\bin\zip.dll
Event: 0.398 Loaded shared library C:\Users\charl\.windsurf\extensions\redhat.java-1.41.1-win32-x64\jre\21.0.6-win32-x86_64\bin\instrument.dll
Event: 0.411 Loaded shared library C:\Users\charl\.windsurf\extensions\redhat.java-1.41.1-win32-x64\jre\21.0.6-win32-x86_64\bin\net.dll
Event: 0.416 Loaded shared library C:\Users\charl\.windsurf\extensions\redhat.java-1.41.1-win32-x64\jre\21.0.6-win32-x86_64\bin\nio.dll
Event: 0.422 Loaded shared library C:\Users\charl\.windsurf\extensions\redhat.java-1.41.1-win32-x64\jre\21.0.6-win32-x86_64\bin\zip.dll
Event: 0.502 Loaded shared library C:\Users\charl\.windsurf\extensions\redhat.java-1.41.1-win32-x64\jre\21.0.6-win32-x86_64\bin\jimage.dll
Event: 0.982 Loaded shared library c:\Users\charl\.windsurf\extensions\redhat.java-1.41.1-win32-x64\jre\21.0.6-win32-x86_64\bin\verify.dll
Event: 8.828 Loaded shared library C:\Users\charl\AppData\Roaming\Windsurf\User\globalStorage\redhat.java\1.41.1\config_win\org.eclipse.equinox.launcher\org.eclipse.equinox.launcher.win32.win32.x86_64_1.2.1300.v20250331-1702\eclipse_11911.dll
Event: 22.728 Loaded shared library C:\Users\charl\AppData\Local\Temp\jna-94623702\jna4485888407741595520.dll
Event: 36.992 Loaded shared library C:\Users\charl\.windsurf\extensions\redhat.java-1.41.1-win32-x64\jre\21.0.6-win32-x86_64\bin\sunmscapi.dll
Event: 38.719 Loaded shared library C:\Users\charl\.windsurf\extensions\redhat.java-1.41.1-win32-x64\jre\21.0.6-win32-x86_64\bin\extnet.dll

Deoptimization events (20 events):
Event: 55.283 Thread 0x0000021bec086440 Uncommon trap: trap_request=0xffffffde fr.pc=0x0000021b98e4598c relative=0x0000000000000c8c
Event: 55.283 Thread 0x0000021bec086440 Uncommon trap: reason=class_check action=maybe_recompile pc=0x0000021b98e4598c method=lombok.eclipse.EclipseNode.traverse(Llombok/eclipse/EclipseASTVisitor;)V @ 542 c2
Event: 55.283 Thread 0x0000021bec086440 DEOPT PACKING pc=0x0000021b98e4598c sp=0x000000ff3aefe340
Event: 55.284 Thread 0x0000021bec086440 DEOPT UNPACKING pc=0x0000021b983f3aa2 sp=0x000000ff3aefe2d0 mode 2
Event: 55.284 Thread 0x0000021bec086440 Uncommon trap: trap_request=0xffffffde fr.pc=0x0000021b98e4598c relative=0x0000000000000c8c
Event: 55.284 Thread 0x0000021bec086440 Uncommon trap: reason=class_check action=maybe_recompile pc=0x0000021b98e4598c method=lombok.eclipse.EclipseNode.traverse(Llombok/eclipse/EclipseASTVisitor;)V @ 542 c2
Event: 55.284 Thread 0x0000021bec086440 DEOPT PACKING pc=0x0000021b98e4598c sp=0x000000ff3aefe340
Event: 55.284 Thread 0x0000021bec086440 DEOPT UNPACKING pc=0x0000021b983f3aa2 sp=0x000000ff3aefe2d0 mode 2
Event: 55.284 Thread 0x0000021bec086440 Uncommon trap: trap_request=0xffffffde fr.pc=0x0000021b98e4598c relative=0x0000000000000c8c
Event: 55.284 Thread 0x0000021bec086440 Uncommon trap: reason=class_check action=maybe_recompile pc=0x0000021b98e4598c method=lombok.eclipse.EclipseNode.traverse(Llombok/eclipse/EclipseASTVisitor;)V @ 542 c2
Event: 55.284 Thread 0x0000021bec086440 DEOPT PACKING pc=0x0000021b98e4598c sp=0x000000ff3aefe340
Event: 55.284 Thread 0x0000021bec086440 DEOPT UNPACKING pc=0x0000021b983f3aa2 sp=0x000000ff3aefe2d0 mode 2
Event: 55.286 Thread 0x0000021bec086440 Uncommon trap: trap_request=0xffffff45 fr.pc=0x0000021b98d574c4 relative=0x00000000000001a4
Event: 55.286 Thread 0x0000021bec086440 Uncommon trap: reason=unstable_if action=reinterpret pc=0x0000021b98d574c4 method=java.util.Arrays.equals([C[C)Z @ 8 c2
Event: 55.286 Thread 0x0000021bec086440 DEOPT PACKING pc=0x0000021b98d574c4 sp=0x000000ff3aefe6a0
Event: 55.286 Thread 0x0000021bec086440 DEOPT UNPACKING pc=0x0000021b983f3aa2 sp=0x000000ff3aefe658 mode 2
Event: 55.379 Thread 0x0000021bea353840 Uncommon trap: trap_request=0xffffff45 fr.pc=0x0000021b98ccf494 relative=0x00000000000000f4
Event: 55.379 Thread 0x0000021bea353840 Uncommon trap: reason=unstable_if action=reinterpret pc=0x0000021b98ccf494 method=java.util.stream.SpinedBuffer.accept(Ljava/lang/Object;)V @ 9 c2
Event: 55.379 Thread 0x0000021bea353840 DEOPT PACKING pc=0x0000021b98ccf494 sp=0x000000ff386fdea0
Event: 55.379 Thread 0x0000021bea353840 DEOPT UNPACKING pc=0x0000021b983f3aa2 sp=0x000000ff386fde48 mode 2

Classes loaded (20 events):
Event: 54.259 Loading class java/util/stream/IntStream done
Event: 54.259 Loading class java/util/stream/IntPipeline done
Event: 54.259 Loading class java/util/stream/IntPipeline$StatelessOp done
Event: 54.259 Loading class java/util/stream/ReferencePipeline$4 done
Event: 54.260 Loading class java/util/stream/Nodes$IntFixedNodeBuilder
Event: 54.260 Loading class java/util/stream/Node$Builder$OfInt
Event: 54.260 Loading class java/util/stream/Sink$OfInt
Event: 54.261 Loading class java/util/stream/Sink$OfInt done
Event: 54.261 Loading class java/util/stream/Node$Builder$OfInt done
Event: 54.261 Loading class java/util/stream/Nodes$IntArrayNode
Event: 54.261 Loading class java/util/stream/Nodes$IntArrayNode done
Event: 54.261 Loading class java/util/stream/Nodes$IntFixedNodeBuilder done
Event: 54.261 Loading class java/util/stream/ReferencePipeline$4$1
Event: 54.261 Loading class java/util/stream/ReferencePipeline$4$1 done
Event: 54.623 Loading class java/util/Hashtable$ValueCollection
Event: 54.624 Loading class java/util/Hashtable$ValueCollection done
Event: 54.635 Loading class java/util/concurrent/ConcurrentHashMap$KeySpliterator
Event: 54.635 Loading class java/util/concurrent/ConcurrentHashMap$KeySpliterator done
Event: 54.684 Loading class sun/nio/ch/ChannelOutputStream
Event: 54.684 Loading class sun/nio/ch/ChannelOutputStream done

Classes unloaded (7 events):
Event: 29.210 Thread 0x0000021ba27b3060 Unloading class 0x0000021ba419ec00 'java/lang/invoke/LambdaForm$MH+0x0000021ba419ec00'
Event: 29.210 Thread 0x0000021ba27b3060 Unloading class 0x0000021ba419e800 'java/lang/invoke/LambdaForm$MH+0x0000021ba419e800'
Event: 29.210 Thread 0x0000021ba27b3060 Unloading class 0x0000021ba419e400 'java/lang/invoke/LambdaForm$MH+0x0000021ba419e400'
Event: 29.210 Thread 0x0000021ba27b3060 Unloading class 0x0000021ba419e000 'java/lang/invoke/LambdaForm$MH+0x0000021ba419e000'
Event: 29.210 Thread 0x0000021ba27b3060 Unloading class 0x0000021ba419dc00 'java/lang/invoke/LambdaForm$BMH+0x0000021ba419dc00'
Event: 29.210 Thread 0x0000021ba27b3060 Unloading class 0x0000021ba419d800 'java/lang/invoke/LambdaForm$DMH+0x0000021ba419d800'
Event: 29.210 Thread 0x0000021ba27b3060 Unloading class 0x0000021ba419c400 'java/lang/invoke/LambdaForm$DMH+0x0000021ba419c400'

Classes redefined (0 events):
No events

Internal exceptions (20 events):
Event: 48.809 Thread 0x0000021bea353840 Exception <a 'sun/nio/fs/WindowsException'{0x00000000eb5ad200}> (0x00000000eb5ad200) 
thrown [s\src\hotspot\share\prims\jni.cpp, line 520]
Event: 48.813 Thread 0x0000021bea6d0380 Exception <a 'sun/nio/fs/WindowsException'{0x00000000eb5d06f0}> (0x00000000eb5d06f0) 
thrown [s\src\hotspot\share\prims\jni.cpp, line 520]
Event: 48.813 Thread 0x0000021bea6d0a10 Exception <a 'sun/nio/fs/WindowsException'{0x00000000eb5d98d8}> (0x00000000eb5d98d8) 
thrown [s\src\hotspot\share\prims\jni.cpp, line 520]
Event: 48.814 Thread 0x0000021bea6d0a10 Exception <a 'sun/nio/fs/WindowsException'{0x00000000eb5def00}> (0x00000000eb5def00) 
thrown [s\src\hotspot\share\prims\jni.cpp, line 520]
Event: 48.815 Thread 0x0000021bea6d0380 Exception <a 'sun/nio/fs/WindowsException'{0x00000000eb5d1af0}> (0x00000000eb5d1af0) 
thrown [s\src\hotspot\share\prims\jni.cpp, line 520]
Event: 48.815 Thread 0x0000021bea6d0a10 Exception <a 'sun/nio/fs/WindowsException'{0x00000000eb5e0368}> (0x00000000eb5e0368) 
thrown [s\src\hotspot\share\prims\jni.cpp, line 520]
Event: 48.815 Thread 0x0000021bec0822a0 Exception <a 'sun/nio/fs/WindowsException'{0x00000000eb5e2d88}> (0x00000000eb5e2d88) 
thrown [s\src\hotspot\share\prims\jni.cpp, line 520]
Event: 48.816 Thread 0x0000021bea6d0a10 Exception <a 'sun/nio/fs/WindowsException'{0x00000000eb5e1848}> (0x00000000eb5e1848) 
thrown [s\src\hotspot\share\prims\jni.cpp, line 520]
Event: 48.819 Thread 0x0000021bea6d0a10 Exception <a 'sun/nio/fs/WindowsException'{0x00000000eb61a8b8}> (0x00000000eb61a8b8) 
thrown [s\src\hotspot\share\prims\jni.cpp, line 520]
Event: 48.843 Thread 0x0000021bea353840 Exception <a 'sun/nio/fs/WindowsException'{0x00000000eb626648}> (0x00000000eb626648) 
thrown [s\src\hotspot\share\prims\jni.cpp, line 520]
Event: 53.260 Thread 0x0000021bea353840 Exception <a 'java/lang/NoSuchMethodError'{0x00000000eabdfde0}: 'java.lang.Object java.lang.invoke.DirectMethodHandle$Holder.invokeStatic(java.lang.Object, java.lang.Object, int, int)'> (0x00000000eabdfde0) 
thrown [s\src\hotspot\share\interpreter\linkResolver.cpp, line 773]
Event: 53.262 Thread 0x0000021bea353840 Exception <a 'java/lang/NoSuchMethodError'{0x00000000eabe40f0}: 'java.lang.Object java.lang.invoke.DirectMethodHandle$Holder.invokeSpecial(java.lang.Object, java.lang.Object, java.lang.Object, int, int)'> (0x00000000eabe40f0) 
thrown [s\src\hotspot\share\interpreter\linkResolver.cpp, line 773]
Event: 53.727 Thread 0x0000021bea353840 Exception <a 'java/lang/NoSuchMethodError'{0x00000000ebb0ce88}: 'int java.lang.invoke.DirectMethodHandle$Holder.invokeSpecialIFC(java.lang.Object, java.lang.Object, java.lang.Object)'> (0x00000000ebb0ce88) 
thrown [s\src\hotspot\share\interpreter\linkResolver.cpp, line 773]
Event: 54.288 Thread 0x0000021bec086440 Implicit null exception at 0x0000021b98b65025 to 0x0000021b98b653c0
Event: 54.301 Thread 0x0000021bec086440 Implicit null exception at 0x0000021b98b67447 to 0x0000021b98b679a8
Event: 54.638 Thread 0x0000021bea353840 Exception <a 'java/lang/NoSuchMethodError'{0x00000000eb911168}: 'java.lang.Object java.lang.invoke.DirectMethodHandle$Holder.newInvokeSpecial(java.lang.Object, java.lang.Object, int, int, java.lang.Object)'> (0x00000000eb911168) 
thrown [s\src\hotspot\share\interpreter\linkResolver.cpp, line 773]
Event: 54.859 Thread 0x0000021bec086440 Exception <a 'java/lang/NoSuchMethodError'{0x00000000eae66610}: 'java.lang.Object java.lang.invoke.DirectMethodHandle$Holder.newInvokeSpecial(java.lang.Object, java.lang.Object, java.lang.Object, java.lang.Object, int)'> (0x00000000eae66610) 
thrown [s\src\hotspot\share\interpreter\linkResolver.cpp, line 773]
Event: 54.860 Thread 0x0000021bec086440 Exception <a 'java/lang/NoSuchMethodError'{0x00000000eae6a9a8}: 'java.lang.Object java.lang.invoke.DirectMethodHandle$Holder.invokeSpecial(java.lang.Object, java.lang.Object, java.lang.Object, java.lang.Object, java.lang.Object, int)'> (0x00000000eae6a9a8) 
thrown [s\src\hotspot\share\interpreter\linkResolver.cpp, line 773]
Event: 54.860 Thread 0x0000021bec086440 Exception <a 'java/lang/NoSuchMethodError'{0x00000000eae6e6d8}: 'java.lang.Object java.lang.invoke.Invokers$Holder.linkToTargetMethod(java.lang.Object, java.lang.Object, java.lang.Object, int, java.lang.Object)'> (0x00000000eae6e6d8) 
thrown [s\src\hotspot\share\interpreter\linkResolver.cpp, line 773]
Event: 55.286 Thread 0x0000021bec086440 Implicit null exception at 0x0000021b98d5734f to 0x0000021b98d574b4

ZGC Phase Switch (0 events):
No events

VM Operations (20 events):
Event: 53.774 Executing VM operation: ParallelGCFailedAllocation (Allocation Failure)
Event: 53.778 Executing VM operation: ParallelGCFailedAllocation (Allocation Failure) done
Event: 53.843 Executing VM operation: HandshakeAllThreads (Deoptimize)
Event: 53.954 Executing VM operation: HandshakeAllThreads (Deoptimize) done
Event: 53.973 Executing VM operation: HandshakeAllThreads (Deoptimize)
Event: 53.986 Executing VM operation: HandshakeAllThreads (Deoptimize) done
Event: 54.212 Executing VM operation: HandshakeAllThreads (Deoptimize)
Event: 54.252 Executing VM operation: HandshakeAllThreads (Deoptimize) done
Event: 54.356 Executing VM operation: ICBufferFull
Event: 54.409 Executing VM operation: ICBufferFull done
Event: 54.492 Executing VM operation: HandshakeAllThreads (Deoptimize)
Event: 54.535 Executing VM operation: HandshakeAllThreads (Deoptimize) done
Event: 54.714 Executing VM operation: ParallelGCFailedAllocation (Allocation Failure)
Event: 54.728 Executing VM operation: ParallelGCFailedAllocation (Allocation Failure) done
Event: 54.820 Executing VM operation: HandshakeAllThreads (Deoptimize)
Event: 54.820 Executing VM operation: HandshakeAllThreads (Deoptimize) done
Event: 55.094 Executing VM operation: ICBufferFull
Event: 55.177 Executing VM operation: ICBufferFull done
Event: 55.413 Executing VM operation: ICBufferFull
Event: 55.932 Executing VM operation: ICBufferFull done

Memory protections (0 events):
No events

Nmethod flushes (20 events):
Event: 52.229 Thread 0x0000021ba27b3060 flushing  nmethod 0x0000021b917d2090
Event: 52.229 Thread 0x0000021ba27b3060 flushing  nmethod 0x0000021b917d6090
Event: 52.229 Thread 0x0000021ba27b3060 flushing osr nmethod 0x0000021b917e3010
Event: 52.229 Thread 0x0000021ba27b3060 flushing  nmethod 0x0000021b917fa510
Event: 52.229 Thread 0x0000021ba27b3060 flushing  nmethod 0x0000021b9180ed10
Event: 52.229 Thread 0x0000021ba27b3060 flushing  nmethod 0x0000021b91810310
Event: 52.229 Thread 0x0000021ba27b3060 flushing  nmethod 0x0000021b91816810
Event: 52.229 Thread 0x0000021ba27b3060 flushing  nmethod 0x0000021b91817210
Event: 52.229 Thread 0x0000021ba27b3060 flushing  nmethod 0x0000021b91818d10
Event: 52.229 Thread 0x0000021ba27b3060 flushing  nmethod 0x0000021b9181a610
Event: 52.229 Thread 0x0000021ba27b3060 flushing  nmethod 0x0000021b91831d10
Event: 52.229 Thread 0x0000021ba27b3060 flushing  nmethod 0x0000021b91837c90
Event: 52.229 Thread 0x0000021ba27b3060 flushing  nmethod 0x0000021b91839510
Event: 52.229 Thread 0x0000021ba27b3060 flushing  nmethod 0x0000021b91839b10
Event: 52.229 Thread 0x0000021ba27b3060 flushing  nmethod 0x0000021b9184b510
Event: 52.229 Thread 0x0000021ba27b3060 flushing  nmethod 0x0000021b9185ef10
Event: 52.229 Thread 0x0000021ba27b3060 flushing  nmethod 0x0000021b91865190
Event: 52.229 Thread 0x0000021ba27b3060 flushing  nmethod 0x0000021b91865e90
Event: 52.229 Thread 0x0000021ba27b3060 flushing  nmethod 0x0000021b9186b790
Event: 52.229 Thread 0x0000021ba27b3060 flushing  nmethod 0x0000021b9186d190

Events (20 events):
Event: 48.815 Thread 0x0000021bea6d0380 Thread added: 0x0000021bec082930
Event: 48.815 Thread 0x0000021bea6d0a10 Thread added: 0x0000021bec0801d0
Event: 48.910 Thread 0x0000021bea353840 Thread added: 0x0000021bec07f4b0
Event: 48.910 Thread 0x0000021bea353840 Thread added: 0x0000021bec080ef0
Event: 48.911 Thread 0x0000021bea353840 Thread added: 0x0000021bec082fc0
Event: 48.911 Thread 0x0000021bea353840 Thread added: 0x0000021bec07fb40
Event: 48.911 Thread 0x0000021bec080ef0 Thread added: 0x0000021bec084a00
Event: 48.911 Thread 0x0000021bec07f4b0 Thread added: 0x0000021bec083650
Event: 49.132 Thread 0x0000021be525d690 Thread added: 0x0000021bea0ac050
Event: 49.438 Thread 0x0000021be525d690 Thread added: 0x0000021bea0acdf0
Event: 51.427 Thread 0x0000021bea0acdf0 Thread exited: 0x0000021bea0acdf0
Event: 52.305 Thread 0x0000021bea6cfcf0 Thread exited: 0x0000021bea6cfcf0
Event: 53.364 Thread 0x0000021be525d690 Thread added: 0x0000021bea0acdf0
Event: 54.192 Thread 0x0000021bea353840 Thread added: 0x0000021bec086440
Event: 54.639 Thread 0x0000021bea353840 Thread added: 0x0000021bec084370
Event: 54.971 Thread 0x0000021bea353840 Thread added: 0x0000021bec085720
Event: 55.001 Thread 0x0000021bea353840 Thread added: 0x0000021bec083ce0
Event: 55.037 Thread 0x0000021bea353840 Thread added: 0x0000021bec085db0
Event: 55.037 Thread 0x0000021bea353840 Thread added: 0x0000021bea6cfcf0
Event: 55.248 Thread 0x0000021bea353840 Thread added: 0x0000021beca74350


Dynamic libraries:
0x00007ff7201f0000 - 0x00007ff7201fe000 	c:\Users\charl\.windsurf\extensions\redhat.java-1.41.1-win32-x64\jre\21.0.6-win32-x86_64\bin\java.exe
0x00007ffee99c0000 - 0x00007ffee9c26000 	C:\WINDOWS\SYSTEM32\ntdll.dll
0x00007ffee83b0000 - 0x00007ffee8479000 	C:\WINDOWS\System32\KERNEL32.DLL
0x00007ffee6ec0000 - 0x00007ffee728c000 	C:\WINDOWS\System32\KERNELBASE.dll
0x00007ffee3850000 - 0x00007ffee38ee000 	C:\WINDOWS\SYSTEM32\apphelp.dll
0x00007ffee7290000 - 0x00007ffee73db000 	C:\WINDOWS\System32\ucrtbase.dll
0x00007ffecbfa0000 - 0x00007ffecbfbe000 	c:\Users\charl\.windsurf\extensions\redhat.java-1.41.1-win32-x64\jre\21.0.6-win32-x86_64\bin\VCRUNTIME140.dll
0x00007ffecb800000 - 0x00007ffecb818000 	c:\Users\charl\.windsurf\extensions\redhat.java-1.41.1-win32-x64\jre\21.0.6-win32-x86_64\bin\jli.dll
0x00007ffee8dc0000 - 0x00007ffee8f8a000 	C:\WINDOWS\System32\USER32.dll
0x00007ffee6e00000 - 0x00007ffee6e27000 	C:\WINDOWS\System32\win32u.dll
0x00007ffee84a0000 - 0x00007ffee84cb000 	C:\WINDOWS\System32\GDI32.dll
0x00007ffec9710000 - 0x00007ffec99aa000 	C:\WINDOWS\WinSxS\amd64_microsoft.windows.common-controls_6595b64144ccf1df_6.0.26100.3912_none_3e07963ce335137e\COMCTL32.dll
0x00007ffee7750000 - 0x00007ffee77f9000 	C:\WINDOWS\System32\msvcrt.dll
0x00007ffee73e0000 - 0x00007ffee7512000 	C:\WINDOWS\System32\gdi32full.dll
0x00007ffee76a0000 - 0x00007ffee7743000 	C:\WINDOWS\System32\msvcp_win.dll
0x00007ffee8b50000 - 0x00007ffee8b80000 	C:\WINDOWS\System32\IMM32.DLL
0x00007ffecf430000 - 0x00007ffecf43c000 	c:\Users\charl\.windsurf\extensions\redhat.java-1.41.1-win32-x64\jre\21.0.6-win32-x86_64\bin\vcruntime140_1.dll
0x00007ffeb1f90000 - 0x00007ffeb201d000 	c:\Users\charl\.windsurf\extensions\redhat.java-1.41.1-win32-x64\jre\21.0.6-win32-x86_64\bin\msvcp140.dll
0x00007ffe00b80000 - 0x00007ffe01910000 	c:\Users\charl\.windsurf\extensions\redhat.java-1.41.1-win32-x64\jre\21.0.6-win32-x86_64\bin\server\jvm.dll
0x00007ffee9370000 - 0x00007ffee9422000 	C:\WINDOWS\System32\ADVAPI32.dll
0x00007ffee7b10000 - 0x00007ffee7bb6000 	C:\WINDOWS\System32\sechost.dll
0x00007ffee9150000 - 0x00007ffee9266000 	C:\WINDOWS\System32\RPCRT4.dll
0x00007ffee7a90000 - 0x00007ffee7b04000 	C:\WINDOWS\System32\WS2_32.dll
0x00007ffee6970000 - 0x00007ffee69ce000 	C:\WINDOWS\SYSTEM32\POWRPROF.dll
0x00007ffec41c0000 - 0x00007ffec41f6000 	C:\WINDOWS\SYSTEM32\WINMM.dll
0x00007ffeda320000 - 0x00007ffeda32b000 	C:\WINDOWS\SYSTEM32\VERSION.dll
0x00007ffee6950000 - 0x00007ffee6964000 	C:\WINDOWS\SYSTEM32\UMPDC.dll
0x00007ffee58e0000 - 0x00007ffee58fa000 	C:\WINDOWS\SYSTEM32\kernel.appcore.dll
0x00007ffecefd0000 - 0x00007ffecefda000 	c:\Users\charl\.windsurf\extensions\redhat.java-1.41.1-win32-x64\jre\21.0.6-win32-x86_64\bin\jimage.dll
0x00007ffedafd0000 - 0x00007ffedb211000 	C:\WINDOWS\SYSTEM32\DBGHELP.DLL
0x00007ffee95c0000 - 0x00007ffee9944000 	C:\WINDOWS\System32\combase.dll
0x00007ffee9270000 - 0x00007ffee9350000 	C:\WINDOWS\System32\OLEAUT32.dll
0x00007ffed4ef0000 - 0x00007ffed4f29000 	C:\WINDOWS\SYSTEM32\dbgcore.DLL
0x00007ffee6ca0000 - 0x00007ffee6d39000 	C:\WINDOWS\System32\bcryptPrimitives.dll
0x00007ffecf300000 - 0x00007ffecf30f000 	c:\Users\charl\.windsurf\extensions\redhat.java-1.41.1-win32-x64\jre\21.0.6-win32-x86_64\bin\instrument.dll
0x00007ffecb7e0000 - 0x00007ffecb7ff000 	c:\Users\charl\.windsurf\extensions\redhat.java-1.41.1-win32-x64\jre\21.0.6-win32-x86_64\bin\java.dll
0x00007ffee7c30000 - 0x00007ffee835d000 	C:\WINDOWS\System32\SHELL32.dll
0x00007ffee7520000 - 0x00007ffee7694000 	C:\WINDOWS\System32\wintypes.dll
0x00007ffee47b0000 - 0x00007ffee5006000 	C:\WINDOWS\SYSTEM32\windows.storage.dll
0x00007ffee94c0000 - 0x00007ffee95af000 	C:\WINDOWS\System32\SHCORE.dll
0x00007ffee7bc0000 - 0x00007ffee7c29000 	C:\WINDOWS\System32\shlwapi.dll
0x00007ffee6a30000 - 0x00007ffee6a5f000 	C:\WINDOWS\SYSTEM32\profapi.dll
0x00007ffecb770000 - 0x00007ffecb788000 	c:\Users\charl\.windsurf\extensions\redhat.java-1.41.1-win32-x64\jre\21.0.6-win32-x86_64\bin\zip.dll
0x00007ffece860000 - 0x00007ffece870000 	C:\Users\charl\.windsurf\extensions\redhat.java-1.41.1-win32-x64\jre\21.0.6-win32-x86_64\bin\net.dll
0x00007ffed9e20000 - 0x00007ffed9f3e000 	C:\WINDOWS\SYSTEM32\WINHTTP.dll
0x00007ffee5e50000 - 0x00007ffee5eba000 	C:\WINDOWS\system32\mswsock.dll
0x00007ffecb2a0000 - 0x00007ffecb2b6000 	C:\Users\charl\.windsurf\extensions\redhat.java-1.41.1-win32-x64\jre\21.0.6-win32-x86_64\bin\nio.dll
0x00007ffecddf0000 - 0x00007ffecde00000 	c:\Users\charl\.windsurf\extensions\redhat.java-1.41.1-win32-x64\jre\21.0.6-win32-x86_64\bin\verify.dll
0x00007ffece0e0000 - 0x00007ffece125000 	C:\Users\charl\AppData\Roaming\Windsurf\User\globalStorage\redhat.java\1.41.1\config_win\org.eclipse.equinox.launcher\org.eclipse.equinox.launcher.win32.win32.x86_64_1.2.1300.v20250331-1702\eclipse_11911.dll
0x00007ffee8b90000 - 0x00007ffee8d2f000 	C:\WINDOWS\System32\ole32.dll
0x00007ffee60f0000 - 0x00007ffee610c000 	C:\WINDOWS\SYSTEM32\CRYPTSP.dll
0x00007ffee5840000 - 0x00007ffee587a000 	C:\WINDOWS\system32\rsaenh.dll
0x00007ffee5ef0000 - 0x00007ffee5f1b000 	C:\WINDOWS\SYSTEM32\USERENV.dll
0x00007ffee6a00000 - 0x00007ffee6a26000 	C:\WINDOWS\SYSTEM32\bcrypt.dll
0x00007ffee6110000 - 0x00007ffee611c000 	C:\WINDOWS\SYSTEM32\CRYPTBASE.dll
0x00007ffee5370000 - 0x00007ffee53a3000 	C:\WINDOWS\SYSTEM32\IPHLPAPI.DLL
0x00007ffee9360000 - 0x00007ffee936a000 	C:\WINDOWS\System32\NSI.dll
0x00007ffebad20000 - 0x00007ffebad69000 	C:\Users\charl\AppData\Local\Temp\jna-94623702\jna4485888407741595520.dll
0x00007ffee7a70000 - 0x00007ffee7a78000 	C:\WINDOWS\System32\PSAPI.DLL
0x00007ffee0780000 - 0x00007ffee079f000 	C:\WINDOWS\SYSTEM32\dhcpcsvc6.DLL
0x00007ffee0750000 - 0x00007ffee0775000 	C:\WINDOWS\SYSTEM32\dhcpcsvc.DLL
0x00007ffed69f0000 - 0x00007ffed69fe000 	C:\Users\charl\.windsurf\extensions\redhat.java-1.41.1-win32-x64\jre\21.0.6-win32-x86_64\bin\sunmscapi.dll
0x00007ffee6b20000 - 0x00007ffee6c97000 	C:\WINDOWS\System32\CRYPT32.dll
0x00007ffee6300000 - 0x00007ffee6330000 	C:\WINDOWS\SYSTEM32\ncrypt.dll
0x00007ffee62b0000 - 0x00007ffee62ef000 	C:\WINDOWS\SYSTEM32\NTASN1.dll
0x00007ffee5410000 - 0x00007ffee5537000 	C:\WINDOWS\SYSTEM32\DNSAPI.dll
0x00007ffeda330000 - 0x00007ffeda33b000 	C:\Windows\System32\rasadhlp.dll
0x00007ffee0820000 - 0x00007ffee08a6000 	C:\WINDOWS\System32\fwpuclnt.dll
0x00007ffeced60000 - 0x00007ffeced69000 	C:\Users\charl\.windsurf\extensions\redhat.java-1.41.1-win32-x64\jre\21.0.6-win32-x86_64\bin\extnet.dll

dbghelp: loaded successfully - version: 4.0.5 - missing functions: none
symbol engine: initialized successfully - sym options: 0x614 - pdb path: .;c:\Users\charl\.windsurf\extensions\redhat.java-1.41.1-win32-x64\jre\21.0.6-win32-x86_64\bin;C:\WINDOWS\SYSTEM32;C:\WINDOWS\WinSxS\amd64_microsoft.windows.common-controls_6595b64144ccf1df_6.0.26100.3912_none_3e07963ce335137e;c:\Users\charl\.windsurf\extensions\redhat.java-1.41.1-win32-x64\jre\21.0.6-win32-x86_64\bin\server;C:\Users\charl\AppData\Roaming\Windsurf\User\globalStorage\redhat.java\1.41.1\config_win\org.eclipse.equinox.launcher\org.eclipse.equinox.launcher.win32.win32.x86_64_1.2.1300.v20250331-1702;C:\Users\charl\AppData\Local\Temp\jna-94623702

VM Arguments:
jvm_args: --add-modules=ALL-SYSTEM --add-opens=java.base/java.util=ALL-UNNAMED --add-opens=java.base/java.lang=ALL-UNNAMED --add-opens=java.base/sun.nio.fs=ALL-UNNAMED -Declipse.application=org.eclipse.jdt.ls.core.id1 -Dosgi.bundles.defaultStartLevel=4 -Declipse.product=org.eclipse.jdt.ls.core.product -Djava.import.generatesMetadataFilesAtProjectRoot=false -DDetectVMInstallationsJob.disabled=true -Dfile.encoding=utf8 -XX:+UseParallelGC -XX:GCTimeRatio=4 -XX:AdaptiveSizePolicyWeight=90 -Dsun.zip.disableMemoryMapping=true -Xmx1G -Xms100m -Xlog:disable -javaagent:c:\Users\charl\.windsurf\extensions\redhat.java-1.41.1-win32-x64\lombok\lombok-1.18.36.jar -XX:+HeapDumpOnOutOfMemoryError -XX:HeapDumpPath=c:\Users\charl\AppData\Roaming\Windsurf\User\workspaceStorage\972158c65195a4deb805def8d9d87608\redhat.java -Daether.dependencyCollector.impl=bf 
java_command: c:\Users\charl\.windsurf\extensions\redhat.java-1.41.1-win32-x64\server\plugins\org.eclipse.equinox.launcher_1.7.0.v20250331-1702.jar -configuration c:\Users\charl\AppData\Roaming\Windsurf\User\globalStorage\redhat.java\1.41.1\config_win -data c:\Users\charl\AppData\Roaming\Windsurf\User\workspaceStorage\972158c65195a4deb805def8d9d87608\redhat.java\jdt_ws --pipe=\\.\pipe\lsp-fc67fb02ab8091ce43b06fa0566eb821-sock
java_class_path (initial): c:\Users\charl\.windsurf\extensions\redhat.java-1.41.1-win32-x64\server\plugins\org.eclipse.equinox.launcher_1.7.0.v20250331-1702.jar
Launcher Type: SUN_STANDARD

[Global flags]
    uintx AdaptiveSizePolicyWeight                 = 90                                        {product} {command line}
     intx CICompilerCount                          = 4                                         {product} {ergonomic}
    uintx GCTimeRatio                              = 4                                         {product} {command line}
     bool HeapDumpOnOutOfMemoryError               = true                                   {manageable} {command line}
    ccstr HeapDumpPath                             = c:\Users\charl\AppData\Roaming\Windsurf\User\workspaceStorage\972158c65195a4deb805def8d9d87608\redhat.java         {manageable} {command line}
   size_t InitialHeapSize                          = 104857600                                 {product} {command line}
   size_t MaxHeapSize                              = 1073741824                                {product} {command line}
   size_t MaxNewSize                               = 357564416                                 {product} {ergonomic}
   size_t MinHeapDeltaBytes                        = 524288                                    {product} {ergonomic}
   size_t MinHeapSize                              = 104857600                                 {product} {command line}
   size_t NewSize                                  = 34603008                                  {product} {ergonomic}
    uintx NonNMethodCodeHeapSize                   = 5839372                                {pd product} {ergonomic}
    uintx NonProfiledCodeHeapSize                  = 122909434                              {pd product} {ergonomic}
   size_t OldSize                                  = 70254592                                  {product} {ergonomic}
    uintx ProfiledCodeHeapSize                     = 122909434                              {pd product} {ergonomic}
    uintx ReservedCodeCacheSize                    = 251658240                              {pd product} {ergonomic}
     bool SegmentedCodeCache                       = true                                      {product} {ergonomic}
   size_t SoftMaxHeapSize                          = 1073741824                             {manageable} {ergonomic}
     bool UseCompressedOops                        = true                           {product lp64_product} {ergonomic}
     bool UseLargePagesIndividualAllocation        = false                                  {pd product} {ergonomic}
     bool UseParallelGC                            = true                                      {product} {command line}

Logging:
Log output configuration:
 #0: stdout all=off uptime,level,tags foldmultilines=false
 #1: stderr all=off uptime,level,tags foldmultilines=false

Environment Variables:
PATH=C:\Python313\Scripts\;C:\Python313\;C:\Python312\Scripts\;C:\Python312\;C:\Program Files\Common Files\Oracle\Java\javapath;C:\WINDOWS\system32;C:\WINDOWS;C:\WINDOWS\System32\Wbem;C:\WINDOWS\System32\WindowsPowerShell\v1.0\;C:\WINDOWS\System32\OpenSSH\;C:\ProgramData\chocolatey\bin;C:\Program Files\nodejs;C:\Program Files\nodejs\;C:\Program Files (x86)\AOMEI\AOMEI Backupper\7.5.0;C:\Program Files\PuTTY\;C:\Program Files\Google\Chrome\Application;C:\Python312\Scripts\;C:\Python312\;C:\Program Files\Common Files\Oracle\Java\javapath;C:\WINDOWS\system32;C:\WINDOWS;C:\WINDOWS\System32\Wbem;C:\WINDOWS\System32\WindowsPowerShell\v1.0\;C:\WINDOWS\System32\OpenSSH\;C:\Program Files\PuTTY\;C:\Program Files\nodejs\;C:\ProgramData\chocolatey\bin;C:\Program Files\nodejs;C:\Users\charl\AppData\Local\Microsoft\WindowsApps;C:\Users\charl\AppData\Local\Programs\Microsoft VS Code\bin;;C:\maven\apache-maven-3.9.6\bin;C:\Users\charl\AppData\Roaming\npm
USERNAME=charl
OS=Windows_NT
PROCESSOR_IDENTIFIER=Intel64 Family 6 Model 142 Stepping 12, GenuineIntel
TMP=C:\Users\charl\AppData\Local\Temp
TEMP=C:\Users\charl\AppData\Local\Temp




Periodic native trim disabled

---------------  S Y S T E M  ---------------

OS:
 Windows 11 , 64 bit Build 26100 (10.0.26100.3912)
OS uptime: 2 days 4:05 hours

CPU: total 8 (initial active 8) (4 cores per cpu, 2 threads per core) family 6 model 142 stepping 12 microcode 0xf8, cx8, cmov, fxsr, ht, mmx, 3dnowpref, sse, sse2, sse3, ssse3, sse4.1, sse4.2, popcnt, lzcnt, tsc, tscinvbit, avx, avx2, aes, erms, clmul, bmi1, bmi2, adx, fma, vzeroupper, clflush, clflushopt, rdtscp, f16c
Processor Information for the first 8 processors :
  Max Mhz: 2112, Current Mhz: 1609, Mhz Limit: 1605

Memory: 4k page, system-wide physical 8023M (803M free)
TotalPageFile size 14348M (AvailPageFile size 5M)
current process WorkingSet (physical memory assigned to process): 293M, peak: 295M
current process commit charge ("private bytes"): 367M, peak: 369M

vm_info: OpenJDK 64-Bit Server VM (21.0.6+7-LTS) for windows-amd64 JRE (21.0.6+7-LTS), built on 2025-01-21T00:00:00Z by "admin" with MS VC++ 17.7 (VS2022)

END.
